21:30:54 [DIAG] test write to server.log
21:30:54 INFO [DIAG] logging configured (file + console)
21:31:03 [DIAG] test write to server.log
21:31:03 INFO [DIAG] logging configured (file + console)
21:31:03 INFO Сервер: инициализирован и готов к обработке запросов
21:31:03 INFO ============================================================
21:31:03 INFO ДЕМОНСТРАЦИЯ МНОГОПОТОЧНОСТИ В PYTHON
21:31:03 INFO ============================================================
21:31:03 INFO Сервер: один поток
21:31:03 INFO Клиенты: каждый в отдельном потоке
21:31:03 INFO ============================================================
21:31:03 INFO Основной поток: ID 16656
21:31:03 INFO Активные потоки: 5

21:31:03 INFO Запуск автоматической демонстрации...
21:31:03 INFO Клиенты будут выполнять команды автоматически

21:31:03 INFO Клиент3: получен запрос на поворот матрицы
21:31:03 INFO Клиент3: входная матрица:
21:31:03 INFO [9, 4]
21:31:03 INFO [3, 1]
21:31:03 INFO [8, 2]
21:31:03 INFO [7, 9]
21:31:04 INFO Клиент3: выполнен поворот матрицы (время=1.49s)
21:31:04 INFO Результат поворота:
21:31:04 INFO [7, 8, 3, 9]
21:31:04 INFO [9, 2, 1, 4]
21:31:04 INFO Клиент1: получен запрос на поворот матрицы
21:31:04 INFO Клиент1: входная матрица:
21:31:04 INFO [3, 8]
21:31:04 INFO [4, 2]
21:31:06 INFO Клиент1: выполнен поворот матрицы (время=1.37s)
21:31:06 INFO Результат поворота:
21:31:06 INFO [8, 2]
21:31:06 INFO [3, 4]
21:31:06 INFO Клиент2: получен запрос на поворот матрицы
21:31:06 INFO Клиент2: входная матрица:
21:31:06 INFO [8, 6, 8]
21:31:06 INFO [7, 2, 4]
21:31:06 INFO [6, 2, 5]
21:31:06 INFO Клиент2: выполнен поворот матрицы (время=0.78s)
21:31:06 INFO Результат поворота:
21:31:06 INFO [6, 7, 8]
21:31:06 INFO [2, 2, 6]
21:31:06 INFO [5, 4, 8]
21:31:06 INFO Клиент3: получен запрос на операция над большими числами
21:31:06 INFO Клиент3: входные большие числа (массивы цифр): A=[1, 5, 9, 1, 0] B=[1, 8, 9, 2, 2]
21:31:08 INFO Клиент3: выполнен операция над большими числами (время=1.66s)
21:31:08 INFO Результат операции (цифры msb..lsb): [3, 0, 1, 2]
21:31:08 INFO Результат как число: 3012
21:31:08 INFO Клиент1: получен запрос на операция над большими числами
21:31:08 INFO Клиент1: входные большие числа (массивы цифр): A=[5, 0, 3, 9, 3, 5] B=[7, 1, 5, 5]
21:31:09 INFO Клиент1: выполнен операция над большими числами (время=0.91s)
21:31:09 INFO Результат операции (цифры msb..lsb): [5, 1, 1, 0, 9, 0]
21:31:09 INFO Результат как число: 511090
21:31:09 INFO Клиент2: получен запрос на поиск общих чисел
21:31:09 INFO Клиент2: входные массивы для поиска общих чисел: A=[78, 24, 75, 26, 85, 32, 22, 62] B=[22, 78, 27, 97, 65, 73, 24]
21:31:10 INFO Клиент2: выполнен поиск общих чисел (время=1.38s)
21:31:10 INFO Результат подсчёта общих чисел: 3
21:31:10 INFO Клиент3: получен запрос на поиск общих чисел
21:31:10 INFO Клиент3: входные массивы для поиска общих чисел: A=[21, 50, 90, 26, 94, 50] B=[97, 8, 32, 63, 16, 96]
21:31:11 INFO Клиент3: выполнен поиск общих чисел (время=0.67s)
21:31:11 INFO Результат подсчёта общих чисел: 0
21:31:11 INFO 
Сервер обработал 7 запросов
23:39:10 [DIAG] test write to server.log
23:39:10 INFO [DIAG] logging configured (file + console)
23:39:10 INFO Сервер: инициализирован и готов к обработке запросов
23:39:10 INFO ============================================================
23:39:10 INFO ДЕМОНСТРАЦИЯ МНОГОПОТОЧНОСТИ В PYTHON
23:39:10 INFO ============================================================
23:39:10 INFO Сервер: один поток
23:39:10 INFO Клиенты: каждый в отдельном потоке
23:39:10 INFO ============================================================
23:39:10 INFO Основной поток: ID 4024
23:39:10 INFO Активные потоки: 5

23:39:10 INFO Запуск автоматической демонстрации...
23:39:10 INFO Клиенты будут выполнять команды автоматически

23:39:10 INFO Клиент2: получен запрос на поворот матрицы
23:39:10 INFO Клиент2: входная матрица:
23:39:10 INFO [1, 8, 1]
23:39:10 INFO [9, 2, 7]
23:39:10 INFO [1, 4, 9]
23:39:12 INFO Клиент2: выполнен поворот матрицы (время=1.77s)
23:39:12 INFO Результат поворота:
23:39:12 INFO [1, 9, 1]
23:39:12 INFO [4, 2, 8]
23:39:12 INFO [9, 7, 1]
23:39:12 INFO Клиент1: получен запрос на поворот матрицы
23:39:12 INFO Клиент1: входная матрица:
23:39:12 INFO [8, 9]
23:39:12 INFO [9, 4]
23:39:13 INFO Клиент1: выполнен поворот матрицы (время=0.70s)
23:39:13 INFO Результат поворота:
23:39:13 INFO [9, 4]
23:39:13 INFO [8, 9]
23:39:13 INFO Клиент3: получен запрос на поворот матрицы
23:39:13 INFO Клиент3: входная матрица:
23:39:13 INFO [8, 9]
23:39:13 INFO [8, 1]
23:39:13 INFO [5, 6]
23:39:13 INFO [3, 7]
23:39:15 INFO Клиент3: выполнен поворот матрицы (время=2.04s)
23:39:15 INFO Результат поворота:
23:39:15 INFO [3, 5, 8, 8]
23:39:15 INFO [7, 6, 1, 9]
23:39:15 INFO Клиент3: получен запрос на операция над большими числами
23:39:15 INFO Клиент3: входные большие числа (массивы цифр): A=[3, 5, 7, 3, 1] B=[7, 8, 5, 0, 9]
23:39:16 INFO Клиент3: выполнен операция над большими числами (время=1.12s)
23:39:16 INFO Результат операции (цифры msb..lsb): [4, 2, 7, 7, 8]
23:39:16 INFO Результат как число: 42778
23:39:16 INFO Клиент2: получен запрос на поиск общих чисел
23:39:16 INFO Клиент2: входные массивы для поиска общих чисел: A=[21, 0, 87, 6, 73, 60, 80, 37] B=[96, 50, 43, 65, 93, 58, 37]
23:39:17 INFO Клиент2: выполнен поиск общих чисел (время=1.30s)
23:39:17 INFO Результат подсчёта общих чисел: 2
23:39:17 INFO Клиент1: получен запрос на операция над большими числами
23:39:17 INFO Клиент1: входные большие числа (массивы цифр): A=[6, 4, 5, 9, 1, 7] B=[8, 1, 9, 1]
23:39:19 INFO Клиент1: выполнен операция над большими числами (время=1.78s)
23:39:19 INFO Результат операции (цифры msb..lsb): [6, 5, 4, 1, 0, 8]
23:39:19 INFO Результат как число: 654108
23:39:19 INFO Клиент3: получен запрос на поиск общих чисел
23:39:19 INFO Клиент3: входные массивы для поиска общих чисел: A=[26, 9, 69, 67, 42, 55] B=[26, 17, 88, 90, 88, 10]
23:39:20 INFO 
Сервер обработал 6 запросов
23:39:20 INFO Клиент3: выполнен поиск общих чисел (время=1.42s)
23:39:20 INFO Результат подсчёта общих чисел: 2
00:08:15 INFO Логирование инициализировано (file + console)
00:08:19 INFO Логирование инициализировано (file + console)
00:08:19 INFO Сервер: инициализирован и готов к обработке запросов
00:08:19 INFO ============================================================
00:08:19 INFO ДЕМОНСТРАЦИЯ МНОГОПОТОЧНОСТИ В PYTHON
00:08:19 INFO ============================================================
00:08:19 INFO Сервер: один поток
00:08:19 INFO Клиенты: каждый в отдельном потоке
00:08:19 INFO ============================================================
00:08:19 INFO Основной поток: ID 3096
00:08:19 INFO Активные потоки: 5

00:08:19 INFO Запуск автоматической демонстрации...
00:08:19 INFO Клиенты будут выполнять команды автоматически

00:08:19 INFO Клиент3: получен запрос на поворот матрицы
00:08:19 INFO Клиент3: входная матрица:
00:08:19 INFO [9, 2]
00:08:19 INFO [2, 9]
00:08:19 INFO [4, 9]
00:08:19 INFO [4, 3]
00:08:20 INFO Клиент3: выполнен поворот матрицы (время=1.42s)
00:08:20 INFO Результат поворота:
00:08:20 INFO [4, 4, 2, 9]
00:08:20 INFO [3, 9, 9, 2]
00:08:20 INFO Клиент2: получен запрос на поворот матрицы
00:08:20 INFO Клиент2: входная матрица:
00:08:20 INFO [9, 3, 2]
00:08:20 INFO [7, 9, 2]
00:08:20 INFO [9, 4, 6]
00:08:21 INFO Клиент2: выполнен поворот матрицы (время=0.74s)
00:08:21 INFO Результат поворота:
00:08:21 INFO [9, 7, 9]
00:08:21 INFO [4, 9, 3]
00:08:21 INFO [6, 2, 2]
00:08:21 INFO Клиент1: получен запрос на поворот матрицы
00:08:21 INFO Клиент1: входная матрица:
00:08:21 INFO [7, 5]
00:08:21 INFO [5, 1]
00:08:23 INFO Клиент1: выполнен поворот матрицы (время=1.77s)
00:08:23 INFO Результат поворота:
00:08:23 INFO [5, 1]
00:08:23 INFO [7, 5]
00:08:23 INFO Клиент2: получен запрос на поиск общих чисел
00:08:23 INFO Клиент2: входные массивы для поиска общих чисел: A=[62, 2, 40, 48, 27, 69, 22, 73] B=[16, 82, 23, 57, 72, 35, 60]
00:08:24 INFO Клиент2: выполнен поиск общих чисел (время=1.21s)
00:08:24 INFO Результат подсчёта общих чисел: 1
00:08:24 INFO Клиент3: получен запрос на операция над большими числами
00:08:24 INFO Клиент3: входные большие числа (массивы цифр): A=[4, 1, 6, 3, 8] B=[4, 6, 0, 5, 0]
00:08:26 INFO Клиент3: выполнен операция над большими числами (время=1.77s)
00:08:26 INFO Результат операции (цифры msb..lsb): [4, 4, 1, 2]
00:08:26 INFO Результат как число: 4412
00:08:26 INFO Клиент1: получен запрос на операция над большими числами
00:08:26 INFO Клиент1: входные большие числа (массивы цифр): A=[6, 7, 8, 2, 7, 4] B=[2, 4, 0, 3]
00:08:28 INFO Клиент1: выполнен операция над большими числами (время=2.08s)
00:08:28 INFO Результат операции (цифры msb..lsb): [6, 8, 0, 6, 7, 7]
00:08:28 INFO Результат как число: 680677
00:08:28 INFO Клиент3: получен запрос на поиск общих чисел
00:08:28 INFO Клиент3: входные массивы для поиска общих чисел: A=[47, 7, 48, 41, 0, 64] B=[67, 44, 38, 36, 69, 68]
00:08:29 INFO 
Сервер обработал 6 запросов
00:08:30 INFO Клиент3: выполнен поиск общих чисел (время=1.80s)
00:08:30 INFO Результат подсчёта общих чисел: 0
2025-12-12 00:26:35,715 - INFO - Сервер: инициализирован и готов к обработке запросов
2025-12-12 00:26:35,715 - INFO - ============================================================
2025-12-12 00:26:35,715 - INFO - ДЕМОНСТРАЦИЯ МНОГОПОТОЧНОСТИ В PYTHON
2025-12-12 00:26:35,715 - INFO - ============================================================
2025-12-12 00:26:35,715 - INFO - Сервер: один поток
2025-12-12 00:26:35,715 - INFO - Клиенты: каждый в отдельном потоке
2025-12-12 00:26:35,715 - INFO - ============================================================
2025-12-12 00:26:35,715 - INFO - Основной поток: ID 13832
2025-12-12 00:26:35,715 - INFO - Активные потоки: 5

2025-12-12 00:26:35,715 - INFO - Запуск автоматической демонстрации...
2025-12-12 00:26:35,715 - INFO - Клиенты будут выполнять команды автоматически

2025-12-12 00:26:35,782 - INFO - Клиент3: получен запрос на поворот матрицы
2025-12-12 00:26:35,782 - INFO - Клиент3: входная матрица:
2025-12-12 00:26:35,782 - INFO - [6, 9]
2025-12-12 00:26:35,782 - INFO - [2, 9]
2025-12-12 00:26:35,782 - INFO - [3, 3]
2025-12-12 00:26:35,782 - INFO - [6, 1]
2025-12-12 00:26:37,853 - INFO - Клиент3: выполнен поворот матрицы (время=2.07s)
2025-12-12 00:26:37,853 - INFO - Результат поворота:
2025-12-12 00:26:37,853 - INFO - [6, 3, 2, 6]
2025-12-12 00:26:37,853 - INFO - [1, 3, 9, 9]
2025-12-12 00:26:37,853 - INFO - Клиент2: получен запрос на поворот матрицы
2025-12-12 00:26:37,853 - INFO - Клиент2: входная матрица:
2025-12-12 00:26:37,853 - INFO - [4, 6, 2]
2025-12-12 00:26:37,853 - INFO - [8, 4, 2]
2025-12-12 00:26:37,853 - INFO - [4, 4, 7]
2025-12-12 00:26:39,880 - INFO - Клиент2: выполнен поворот матрицы (время=2.03s)
2025-12-12 00:26:39,880 - INFO - Результат поворота:
2025-12-12 00:26:39,880 - INFO - [4, 8, 4]
2025-12-12 00:26:39,880 - INFO - [4, 4, 6]
2025-12-12 00:26:39,880 - INFO - [7, 2, 2]
2025-12-12 00:26:39,880 - INFO - Клиент1: получен запрос на поворот матрицы
2025-12-12 00:26:39,880 - INFO - Клиент1: входная матрица:
2025-12-12 00:26:39,880 - INFO - [1, 6]
2025-12-12 00:26:39,880 - INFO - [5, 5]
2025-12-12 00:26:41,818 - INFO - Клиент1: выполнен поворот матрицы (время=1.94s)
2025-12-12 00:26:41,818 - INFO - Результат поворота:
2025-12-12 00:26:41,818 - INFO - [6, 5]
2025-12-12 00:26:41,818 - INFO - [1, 5]
2025-12-12 00:26:41,818 - INFO - Клиент1: получен запрос на операция над большими числами
2025-12-12 00:26:41,818 - INFO - Клиент1: входные большие числа (массивы цифр): A=[2, 7, 3, 6, 8, 0] B=[8, 5, 0, 9]
2025-12-12 00:26:43,939 - INFO - Клиент1: выполнен операция над большими числами (время=2.12s)
2025-12-12 00:26:43,939 - INFO - Результат операции (цифры msb..lsb): [2, 8, 2, 1, 8, 9]
2025-12-12 00:26:43,939 - INFO - Результат как число: 282189
2025-12-12 00:26:43,939 - INFO - Клиент3: получен запрос на операция над большими числами
2025-12-12 00:26:43,939 - INFO - Клиент3: входные большие числа (массивы цифр): A=[5, 6, 7, 3, 2] B=[4, 7, 4, 0, 5]
2025-12-12 00:26:45,942 - INFO - Клиент3: выполнен операция над большими числами (время=2.00s)
2025-12-12 00:26:45,942 - INFO - Результат операции (цифры msb..lsb): [9, 3, 2, 7]
2025-12-12 00:26:45,942 - INFO - Результат как число: 9327
2025-12-12 00:26:45,942 - INFO - Клиент2: получен запрос на поиск общих чисел
2025-12-12 00:26:45,942 - INFO - Клиент2: входные массивы для поиска общих чисел: A=[60, 71, 14, 37, 48, 16, 99, 92] B=[45, 96, 81, 60, 56, 98, 10]
2025-12-12 00:26:47,454 - INFO - Клиент2: выполнен поиск общих чисел (время=1.51s)
2025-12-12 00:26:47,454 - INFO - Результат подсчёта общих чисел: 1
2025-12-12 00:26:47,454 - INFO - Клиент3: получен запрос на поиск общих чисел
2025-12-12 00:26:47,454 - INFO - Клиент3: входные массивы для поиска общих чисел: A=[37, 97, 89, 1, 19, 2] B=[42, 19, 56, 75, 65, 36]
2025-12-12 00:26:48,647 - INFO - 
Сервер обработал 6 запросов
2025-12-12 00:26:49,059 - INFO - Клиент3: выполнен поиск общих чисел (время=1.60s)
2025-12-12 00:26:49,059 - INFO - Результат подсчёта общих чисел: 1
00:28:15 INFO Логирование инициализировано (file + console)
00:28:15 INFO Сервер: инициализирован и готов к обработке запросов
00:28:15 INFO ============================================================
00:28:15 INFO ДЕМОНСТРАЦИЯ МНОГОПОТОЧНОСТИ В PYTHON
00:28:15 INFO ============================================================
00:28:15 INFO Сервер: один поток
00:28:15 INFO Клиенты: каждый в отдельном потоке
00:28:15 INFO ============================================================
00:28:15 INFO Основной поток: ID 11028
00:28:15 INFO Активные потоки: 5

00:28:15 INFO Запуск автоматической демонстрации...
00:28:15 INFO Клиенты будут выполнять команды автоматически

00:28:15 INFO Клиент1: получен запрос на поворот матрицы
00:28:15 INFO Клиент1: входная матрица:
00:28:15 INFO [3, 5]
00:28:15 INFO [4, 6]
00:28:16 INFO Клиент1: выполнен поворот матрицы (время=1.80s)
00:28:16 INFO Результат поворота:
00:28:16 INFO [5, 6]
00:28:16 INFO [3, 4]
00:28:16 INFO Клиент3: получен запрос на поворот матрицы
00:28:16 INFO Клиент3: входная матрица:
00:28:16 INFO [2, 3]
00:28:16 INFO [6, 7]
00:28:16 INFO [7, 8]
00:28:16 INFO [4, 3]
00:28:17 INFO Клиент3: выполнен поворот матрицы (время=0.63s)
00:28:17 INFO Результат поворота:
00:28:17 INFO [4, 7, 6, 2]
00:28:17 INFO [3, 8, 7, 3]
00:28:17 INFO Клиент2: получен запрос на поворот матрицы
00:28:17 INFO Клиент2: входная матрица:
00:28:17 INFO [8, 9, 5]
00:28:17 INFO [7, 8, 2]
00:28:17 INFO [8, 3, 9]
00:28:18 INFO Клиент2: выполнен поворот матрицы (время=0.88s)
00:28:18 INFO Результат поворота:
00:28:18 INFO [8, 7, 8]
00:28:18 INFO [3, 8, 9]
00:28:18 INFO [9, 2, 5]
00:28:18 INFO Клиент1: получен запрос на операция над большими числами
00:28:18 INFO Клиент1: входные большие числа (массивы цифр): A=[6, 3, 6, 9, 5, 5] B=[2, 8, 0, 1]
00:28:19 INFO Клиент1: выполнен операция над большими числами (время=1.06s)
00:28:19 INFO Результат операции (цифры msb..lsb): [6, 3, 9, 7, 5, 6]
00:28:19 INFO Результат как число: 639756
00:28:19 INFO Клиент2: получен запрос на поиск общих чисел
00:28:19 INFO Клиент2: входные массивы для поиска общих чисел: A=[74, 73, 19, 23, 54, 38, 31, 27] B=[53, 46, 89, 73, 20, 87, 45]
00:28:21 INFO Клиент2: выполнен поиск общих чисел (время=1.79s)
00:28:21 INFO Результат подсчёта общих чисел: 2
00:28:21 INFO Клиент3: получен запрос на операция над большими числами
00:28:21 INFO Клиент3: входные большие числа (массивы цифр): A=[4, 6, 0, 7, 0] B=[4, 7, 7, 8, 9]
00:28:22 INFO Клиент3: выполнен операция над большими числами (время=0.97s)
00:28:22 INFO Результат операции (цифры msb..lsb): [1, 7, 1, 9]
00:28:22 INFO Результат как число: 1719
00:28:22 INFO Клиент3: получен запрос на поиск общих чисел
00:28:22 INFO Клиент3: входные массивы для поиска общих чисел: A=[12, 9, 63, 48, 0, 48] B=[41, 18, 35, 71, 96, 78]
00:28:23 INFO 
Сервер обработал 6 запросов
00:28:23 INFO Клиент3: выполнен поиск общих чисел (время=1.08s)
00:28:23 INFO Результат подсчёта общих чисел: 0
2025-12-12 00:37:26,194 - INFO - Сервер: инициализирован и готов к обработке запросов
2025-12-12 00:37:26,195 - INFO - ============================================================
2025-12-12 00:37:26,195 - INFO - ДЕМОНСТРАЦИЯ МНОГОПОТОЧНОСТИ В PYTHON
2025-12-12 00:37:26,195 - INFO - ============================================================
2025-12-12 00:37:26,195 - INFO - Сервер: один поток
2025-12-12 00:37:26,195 - INFO - Клиенты: каждый в отдельном потоке
2025-12-12 00:37:26,195 - INFO - ============================================================
2025-12-12 00:37:26,195 - INFO - Основной поток: ID 1876
2025-12-12 00:37:26,195 - INFO - Активные потоки: 5

2025-12-12 00:37:26,195 - INFO - Запуск автоматической демонстрации...
2025-12-12 00:37:26,195 - INFO - Клиенты будут выполнять команды автоматически

2025-12-12 00:37:26,282 - INFO - Клиент3: получен запрос на поворот матрицы
2025-12-12 00:37:26,282 - INFO - Клиент3: входная матрица:
2025-12-12 00:37:26,282 - INFO - [7, 4]
2025-12-12 00:37:26,282 - INFO - [3, 5]
2025-12-12 00:37:26,282 - INFO - [2, 7]
2025-12-12 00:37:26,282 - INFO - [5, 3]
2025-12-12 00:37:27,018 - INFO - Клиент3: выполнен поворот матрицы (время=0.73s)
2025-12-12 00:37:27,018 - INFO - Результат поворота:
2025-12-12 00:37:27,018 - INFO - [5, 2, 3, 7]
2025-12-12 00:37:27,018 - INFO - [3, 7, 5, 4]
2025-12-12 00:37:27,018 - INFO - Клиент1: получен запрос на поворот матрицы
2025-12-12 00:37:27,018 - INFO - Клиент1: входная матрица:
2025-12-12 00:37:27,018 - INFO - [4, 5]
2025-12-12 00:37:27,018 - INFO - [2, 7]
2025-12-12 00:37:28,367 - INFO - Клиент1: выполнен поворот матрицы (время=1.35s)
2025-12-12 00:37:28,367 - INFO - Результат поворота:
2025-12-12 00:37:28,367 - INFO - [5, 7]
2025-12-12 00:37:28,367 - INFO - [4, 2]
2025-12-12 00:37:28,367 - INFO - Клиент2: получен запрос на поворот матрицы
2025-12-12 00:37:28,367 - INFO - Клиент2: входная матрица:
2025-12-12 00:37:28,367 - INFO - [3, 3, 7]
2025-12-12 00:37:28,367 - INFO - [2, 7, 6]
2025-12-12 00:37:28,367 - INFO - [1, 6, 3]
2025-12-12 00:37:30,514 - INFO - Клиент2: выполнен поворот матрицы (время=2.15s)
2025-12-12 00:37:30,514 - INFO - Результат поворота:
2025-12-12 00:37:30,514 - INFO - [1, 2, 3]
2025-12-12 00:37:30,514 - INFO - [6, 7, 3]
2025-12-12 00:37:30,514 - INFO - [3, 6, 7]
2025-12-12 00:37:30,514 - INFO - Клиент1: получен запрос на операция над большими числами
2025-12-12 00:37:30,514 - INFO - Клиент1: входные большие числа (массивы цифр): A=[3, 8, 5, 3, 3, 7] B=[1, 7, 2, 0]
2025-12-12 00:37:31,703 - INFO - Клиент1: выполнен операция над большими числами (время=1.19s)
2025-12-12 00:37:31,703 - INFO - Результат операции (цифры msb..lsb): [3, 8, 7, 0, 5, 7]
2025-12-12 00:37:31,703 - INFO - Результат как число: 387057
2025-12-12 00:37:31,703 - INFO - Клиент3: получен запрос на операция над большими числами
2025-12-12 00:37:31,703 - INFO - Клиент3: входные большие числа (массивы цифр): A=[7, 9, 9, 4, 1] B=[3, 6, 6, 1, 3]
2025-12-12 00:37:32,876 - INFO - Клиент3: выполнен операция над большими числами (время=1.17s)
2025-12-12 00:37:32,876 - INFO - Результат операции (цифры msb..lsb): [4, 3, 3, 2, 8]
2025-12-12 00:37:32,876 - INFO - Результат как число: 43328
2025-12-12 00:37:32,876 - INFO - Клиент2: получен запрос на поиск общих чисел
2025-12-12 00:37:32,876 - INFO - Клиент2: входные массивы для поиска общих чисел: A=[50, 6, 19, 97, 89, 24, 86, 85] B=[25, 13, 82, 6, 57, 79, 99]
2025-12-12 00:37:34,274 - INFO - Клиент2: выполнен поиск общих чисел (время=1.40s)
2025-12-12 00:37:34,274 - INFO - Результат подсчёта общих чисел: 2
2025-12-12 00:37:34,274 - INFO - Клиент3: получен запрос на поиск общих чисел
2025-12-12 00:37:34,274 - INFO - Клиент3: входные массивы для поиска общих чисел: A=[75, 16, 30, 46, 19, 11] B=[3, 22, 85, 76, 86, 70]
2025-12-12 00:37:35,053 - INFO - Клиент3: выполнен поиск общих чисел (время=0.78s)
2025-12-12 00:37:35,053 - INFO - Результат подсчёта общих чисел: 0
2025-12-12 00:37:35,437 - INFO - 
Сервер обработал 7 запросов
2025-12-12 14:42:54,578 - INFO - Сервер: инициализирован и готов к обработке запросов
2025-12-12 14:42:54,578 - INFO - ============================================================
2025-12-12 14:42:54,579 - INFO - ДЕМОНСТРАЦИЯ МНОГОПОТОЧНОСТИ В PYTHON
2025-12-12 14:42:54,579 - INFO - ============================================================
2025-12-12 14:42:54,579 - INFO - Сервер: один поток
2025-12-12 14:42:54,579 - INFO - Клиенты: каждый в отдельном потоке
2025-12-12 14:42:54,579 - INFO - ============================================================
2025-12-12 14:42:54,579 - INFO - Основной поток: ID 18176
2025-12-12 14:42:54,579 - INFO - Активные потоки: 5

2025-12-12 14:42:54,580 - INFO - Запуск автоматической демонстрации...
2025-12-12 14:42:54,580 - INFO - Клиенты будут выполнять команды автоматически

2025-12-12 14:42:54,735 - INFO - Клиент2: получен запрос на поворот матрицы
2025-12-12 14:42:54,737 - INFO - Клиент2: входная матрица:
2025-12-12 14:42:54,737 - INFO - [1, 2, 3]
2025-12-12 14:42:54,737 - INFO - [6, 9, 1]
2025-12-12 14:42:54,738 - INFO - [9, 6, 8]
2025-12-12 14:42:55,963 - INFO - Клиент2: выполнен поворот матрицы (время=1.22s)
2025-12-12 14:42:55,963 - INFO - Результат поворота:
2025-12-12 14:42:55,963 - INFO - [9, 6, 1]
2025-12-12 14:42:55,963 - INFO - [6, 9, 2]
2025-12-12 14:42:55,963 - INFO - [8, 1, 3]
2025-12-12 14:42:55,963 - INFO - Клиент3: получен запрос на поворот матрицы
2025-12-12 14:42:55,963 - INFO - Клиент3: входная матрица:
2025-12-12 14:42:55,963 - INFO - [1, 3]
2025-12-12 14:42:55,963 - INFO - [6, 6]
2025-12-12 14:42:55,963 - INFO - [8, 1]
2025-12-12 14:42:55,964 - INFO - [9, 6]
2025-12-12 14:42:57,357 - INFO - Клиент3: выполнен поворот матрицы (время=1.39s)
2025-12-12 14:42:57,357 - INFO - Результат поворота:
2025-12-12 14:42:57,357 - INFO - [9, 8, 6, 1]
2025-12-12 14:42:57,358 - INFO - [6, 1, 6, 3]
2025-12-12 14:42:57,358 - INFO - Клиент1: получен запрос на поворот матрицы
2025-12-12 14:42:57,358 - INFO - Клиент1: входная матрица:
2025-12-12 14:42:57,359 - INFO - [8, 4]
2025-12-12 14:42:57,359 - INFO - [2, 8]
2025-12-12 14:42:58,117 - INFO - Клиент1: выполнен поворот матрицы (время=0.76s)
2025-12-12 14:42:58,117 - INFO - Результат поворота:
2025-12-12 14:42:58,117 - INFO - [4, 8]
2025-12-12 14:42:58,117 - INFO - [8, 2]
2025-12-12 14:42:58,117 - INFO - Клиент2: получен запрос на поиск общих чисел
2025-12-12 14:42:58,117 - INFO - Клиент2: входные массивы для поиска общих чисел: A=[32, 71, 81, 24, 53, 51, 15, 42] B=[2, 72, 90, 58, 15, 18, 98]
2025-12-12 14:42:59,427 - INFO - Клиент2: выполнен поиск общих чисел (время=1.31s)
2025-12-12 14:42:59,427 - INFO - Результат подсчёта общих чисел: 3
2025-12-12 14:42:59,427 - INFO - Клиент1: получен запрос на операция над большими числами
2025-12-12 14:42:59,427 - INFO - Клиент1: входные большие числа (массивы цифр): A=[3, 2, 7, 4, 5, 0] B=[9, 5, 3, 1]
2025-12-12 14:43:00,283 - INFO - Клиент1: выполнен операция над большими числами (время=0.86s)
2025-12-12 14:43:00,283 - INFO - Результат операции (цифры msb..lsb): [3, 3, 6, 9, 8, 1]
2025-12-12 14:43:00,284 - INFO - Результат как число: 336981
2025-12-12 14:43:00,284 - INFO - Клиент3: получен запрос на операция над большими числами
2025-12-12 14:43:00,285 - INFO - Клиент3: входные большие числа (массивы цифр): A=[6, 8, 8, 0, 6] B=[9, 3, 5, 4, 1]
2025-12-12 14:43:01,881 - INFO - Клиент3: выполнен операция над большими числами (время=1.60s)
2025-12-12 14:43:01,881 - INFO - Результат операции (цифры msb..lsb): [2, 4, 7, 3, 5]
2025-12-12 14:43:01,881 - INFO - Результат как число: 24735
2025-12-12 14:43:01,881 - INFO - Клиент3: получен запрос на поиск общих чисел
2025-12-12 14:43:01,881 - INFO - Клиент3: входные массивы для поиска общих чисел: A=[37, 51, 99, 40, 77, 92] B=[70, 55, 0, 59, 88, 80]
2025-12-12 14:43:02,984 - INFO - 
Сервер обработал 6 запросов
2025-12-12 14:43:03,729 - INFO - Клиент3: выполнен поиск общих чисел (время=1.85s)
2025-12-12 14:43:03,729 - INFO - Результат подсчёта общих чисел: 0
2025-12-12 14:45:55,825 - INFO - Сервер: инициализирован и готов к обработке запросов
2025-12-12 14:45:55,825 - INFO - ============================================================
2025-12-12 14:45:55,825 - INFO - ДЕМОНСТРАЦИЯ МНОГОПОТОЧНОСТИ В PYTHON
2025-12-12 14:45:55,825 - INFO - ============================================================
2025-12-12 14:45:55,826 - INFO - Сервер: один поток
2025-12-12 14:45:55,826 - INFO - Клиенты: каждый в отдельном потоке
2025-12-12 14:45:55,826 - INFO - ============================================================
2025-12-12 14:45:55,826 - INFO - Основной поток: ID 18056
2025-12-12 14:45:55,826 - INFO - Активные потоки: 5

2025-12-12 14:45:55,826 - INFO - Запуск автоматической демонстрации...
2025-12-12 14:45:55,826 - INFO - Клиенты будут выполнять команды автоматически

2025-12-12 14:45:55,969 - INFO - Клиент1: получен запрос на поворот матрицы
2025-12-12 14:45:55,969 - INFO - Клиент1: входная матрица:
2025-12-12 14:45:55,969 - INFO - [2, 6]
2025-12-12 14:45:55,969 - INFO - [6, 6]
2025-12-12 14:45:57,871 - INFO - Клиент1: выполнен поворот матрицы (время=1.90s)
2025-12-12 14:45:57,871 - INFO - Результат поворота:
2025-12-12 14:45:57,871 - INFO - [6, 6]
2025-12-12 14:45:57,871 - INFO - [2, 6]
2025-12-12 14:45:57,871 - INFO - Клиент2: получен запрос на поворот матрицы
2025-12-12 14:45:57,871 - INFO - Клиент2: входная матрица:
2025-12-12 14:45:57,871 - INFO - [6, 1, 7]
2025-12-12 14:45:57,871 - INFO - [8, 4, 3]
2025-12-12 14:45:57,872 - INFO - [5, 4, 1]
2025-12-12 14:45:59,725 - INFO - Клиент2: выполнен поворот матрицы (время=1.85s)
2025-12-12 14:45:59,725 - INFO - Результат поворота:
2025-12-12 14:45:59,725 - INFO - [5, 8, 6]
2025-12-12 14:45:59,725 - INFO - [4, 4, 1]
2025-12-12 14:45:59,725 - INFO - [1, 3, 7]
2025-12-12 14:45:59,725 - INFO - Клиент3: получен запрос на поворот матрицы
2025-12-12 14:45:59,725 - INFO - Клиент3: входная матрица:
2025-12-12 14:45:59,725 - INFO - [2, 1]
2025-12-12 14:45:59,725 - INFO - [7, 3]
2025-12-12 14:45:59,725 - INFO - [2, 3]
2025-12-12 14:45:59,725 - INFO - [2, 2]
2025-12-12 14:46:01,040 - INFO - Клиент3: выполнен поворот матрицы (время=1.31s)
2025-12-12 14:46:01,040 - INFO - Результат поворота:
2025-12-12 14:46:01,040 - INFO - [2, 2, 7, 2]
2025-12-12 14:46:01,040 - INFO - [2, 3, 3, 1]
2025-12-12 14:46:01,040 - INFO - Клиент1: получен запрос на операция над большими числами
2025-12-12 14:46:01,041 - INFO - Клиент1: входные большие числа (массивы цифр): A=[5, 2, 0, 8, 6, 4] B=[3, 0, 9, 3]
2025-12-12 14:46:02,649 - INFO - Клиент1: выполнен операция над большими числами (время=1.61s)
2025-12-12 14:46:02,649 - INFO - Результат операции (цифры msb..lsb): [5, 2, 3, 9, 5, 7]
2025-12-12 14:46:02,650 - INFO - Результат как число: 523957
2025-12-12 14:46:02,651 - INFO - Клиент3: получен запрос на операция над большими числами
2025-12-12 14:46:02,651 - INFO - Клиент3: входные большие числа (массивы цифр): A=[1, 3, 2, 9, 7] B=[1, 8, 1, 9, 6]
2025-12-12 14:46:04,312 - INFO - Клиент3: выполнен операция над большими числами (время=1.66s)
2025-12-12 14:46:04,312 - INFO - Результат операции (цифры msb..lsb): [4, 8, 9, 9]
2025-12-12 14:46:04,312 - INFO - Результат как число: 4899
2025-12-12 14:46:04,313 - INFO - Клиент2: получен запрос на поиск общих чисел
2025-12-12 14:46:04,313 - INFO - Клиент2: входные массивы для поиска общих чисел: A=[41, 29, 20, 62, 69, 35, 91, 79] B=[82, 36, 41, 69, 85, 62, 87]
2025-12-12 14:46:05,831 - INFO - Клиент2: выполнен поиск общих чисел (время=1.52s)
2025-12-12 14:46:05,831 - INFO - Результат подсчёта общих чисел: 3
2025-12-12 14:46:05,831 - INFO - Клиент3: получен запрос на поиск общих чисел
2025-12-12 14:46:05,831 - INFO - Клиент3: входные массивы для поиска общих чисел: A=[47, 99, 14, 30, 1, 69] B=[21, 50, 97, 34, 84, 6]
2025-12-12 14:46:06,927 - INFO - Клиент3: выполнен поиск общих чисел (время=1.09s)
2025-12-12 14:46:06,927 - INFO - Результат подсчёта общих чисел: 0
2025-12-12 14:46:06,989 - INFO - 
Сервер обработал 7 запросов
2025-12-12 14:51:44,458 - INFO - Сервер: инициализирован и готов к обработке запросов
2025-12-12 14:51:44,459 - INFO - ============================================================
2025-12-12 14:51:44,459 - INFO - ДЕМОНСТРАЦИЯ МНОГОПОТОЧНОСТИ В PYTHON
2025-12-12 14:51:44,459 - INFO - ============================================================
2025-12-12 14:51:44,459 - INFO - Сервер: один поток
2025-12-12 14:51:44,459 - INFO - Клиенты: каждый в отдельном потоке
2025-12-12 14:51:44,459 - INFO - ============================================================
2025-12-12 14:51:44,459 - INFO - Основной поток: ID 14084
2025-12-12 14:51:44,459 - INFO - Активные потоки: 5

2025-12-12 14:51:44,459 - INFO - Запуск автоматической демонстрации...
2025-12-12 14:51:44,459 - INFO - Клиенты будут выполнять команды автоматически

2025-12-12 14:51:44,605 - INFO - Сервер Клиент1: получен запрос на поворот матрицы
2025-12-12 14:51:44,607 - INFO - Сервер Клиент1: входная матрица:
2025-12-12 14:51:44,607 - INFO - [4, 3]
2025-12-12 14:51:44,607 - INFO - [2, 6]
2025-12-12 14:51:45,460 - INFO - Сервер Клиент1: выполнен поворот матрицы (время=0.85s)
2025-12-12 14:51:45,460 - INFO - Результат поворота:
2025-12-12 14:51:45,460 - INFO - [3, 6]
2025-12-12 14:51:45,460 - INFO - [4, 2]
2025-12-12 14:51:45,460 - INFO - Сервер Клиент2: получен запрос на поворот матрицы
2025-12-12 14:51:45,460 - INFO - Сервер Клиент2: входная матрица:
2025-12-12 14:51:45,460 - INFO - [9, 2, 7]
2025-12-12 14:51:45,460 - INFO - [5, 4, 6]
2025-12-12 14:51:45,460 - INFO - [5, 9, 2]
2025-12-12 14:51:46,118 - INFO - Сервер Клиент2: выполнен поворот матрицы (время=0.66s)
2025-12-12 14:51:46,118 - INFO - Результат поворота:
2025-12-12 14:51:46,118 - INFO - [5, 5, 9]
2025-12-12 14:51:46,119 - INFO - [9, 4, 2]
2025-12-12 14:51:46,119 - INFO - [2, 6, 7]
2025-12-12 14:51:46,120 - INFO - Сервер Клиент3: получен запрос на поворот матрицы
2025-12-12 14:51:46,120 - INFO - Сервер Клиент3: входная матрица:
2025-12-12 14:51:46,120 - INFO - [7, 7]
2025-12-12 14:51:46,121 - INFO - [1, 6]
2025-12-12 14:51:46,121 - INFO - [4, 7]
2025-12-12 14:51:46,121 - INFO - [7, 7]
2025-12-12 14:51:47,522 - INFO - Сервер Клиент3: выполнен поворот матрицы (время=1.40s)
2025-12-12 14:51:47,522 - INFO - Результат поворота:
2025-12-12 14:51:47,522 - INFO - [7, 4, 1, 7]
2025-12-12 14:51:47,522 - INFO - [7, 7, 6, 7]
2025-12-12 14:51:47,522 - INFO - Сервер Клиент1: получен запрос на операция над большими числами
2025-12-12 14:51:47,522 - INFO - Сервер Клиент1: входные большие числа (массивы цифр): A=[8, 9, 6, 7, 2, 6] B=[7, 9, 8, 2]
2025-12-12 14:51:49,590 - INFO - Сервер Клиент1: выполнен операция над большими числами (время=2.07s)
2025-12-12 14:51:49,590 - INFO - Результат операции (цифры msb..lsb): [9, 0, 4, 7, 0, 8]
2025-12-12 14:51:49,591 - INFO - Результат как число: 904708
2025-12-12 14:51:49,591 - INFO - Сервер Клиент3: получен запрос на операция над большими числами
2025-12-12 14:51:49,592 - INFO - Сервер Клиент3: входные большие числа (массивы цифр): A=[2, 9, 1, 6, 7] B=[7, 7, 1, 1, 0]
2025-12-12 14:51:50,324 - INFO - Сервер Клиент3: выполнен операция над большими числами (время=0.73s)
2025-12-12 14:51:50,324 - INFO - Результат операции (цифры msb..lsb): [4, 7, 9, 4, 3]
2025-12-12 14:51:50,325 - INFO - Результат как число: 47943
2025-12-12 14:51:50,325 - INFO - Сервер Клиент3: получен запрос на поиск общих чисел
2025-12-12 14:51:50,325 - INFO - Сервер Клиент3: входные массивы для поиска общих чисел: A=[29, 33, 24, 96, 70, 61] B=[73, 59, 9, 58, 17, 59]
2025-12-12 14:51:51,005 - INFO - Сервер Клиент3: выполнен поиск общих чисел (время=0.68s)
2025-12-12 14:51:51,005 - INFO - Результат подсчёта общих чисел: 0
2025-12-12 14:51:51,006 - INFO - Сервер Клиент2: получен запрос на поиск общих чисел
2025-12-12 14:51:51,006 - INFO - Сервер Клиент2: входные массивы для поиска общих чисел: A=[63, 49, 27, 52, 50, 26, 37, 55] B=[42, 55, 53, 12, 53, 65, 75]
2025-12-12 14:51:51,921 - INFO - Сервер Клиент2: выполнен поиск общих чисел (время=0.91s)
2025-12-12 14:51:51,922 - INFO - Результат подсчёта общих чисел: 1
2025-12-12 14:51:52,115 - INFO - 
Сервер обработал 7 запросов
2025-12-12 14:54:33,060 - INFO - Сервер: инициализирован и готов к обработке запросов
2025-12-12 14:54:33,060 - INFO - ============================================================
2025-12-12 14:54:33,060 - INFO - ДЕМОНСТРАЦИЯ МНОГОПОТОЧНОСТИ В PYTHON
2025-12-12 14:54:33,060 - INFO - ============================================================
2025-12-12 14:54:33,061 - INFO - Сервер: один поток
2025-12-12 14:54:33,061 - INFO - Клиенты: каждый в отдельном потоке
2025-12-12 14:54:33,061 - INFO - ============================================================
2025-12-12 14:54:33,061 - INFO - Основной поток: ID 7084
2025-12-12 14:54:33,061 - INFO - Активные потоки: 4

2025-12-12 14:54:33,061 - INFO - Запуск автоматической демонстрации...
2025-12-12 14:54:33,061 - INFO - Клиенты будут выполнять команды автоматически

2025-12-12 14:54:33,144 - INFO - Сервер Клиент1: получен запрос на поворот матрицы
2025-12-12 14:54:33,144 - INFO - Сервер Клиент1: входная матрица:
2025-12-12 14:54:33,144 - INFO - [9, 1]
2025-12-12 14:54:33,145 - INFO - [8, 8]
2025-12-12 14:54:35,212 - INFO - Сервер Клиент1: выполнен поворот матрицы (время=2.07s)
2025-12-12 14:57:17,529 - INFO - Сервер: инициализирован и готов к обработке запросов
2025-12-12 14:57:17,530 - INFO - ============================================================
2025-12-12 14:57:17,530 - INFO - ДЕМОНСТРАЦИЯ МНОГОПОТОЧНОСТИ В PYTHON
2025-12-12 14:57:17,530 - INFO - ============================================================
2025-12-12 14:57:17,530 - INFO - Сервер: один поток
2025-12-12 14:57:17,530 - INFO - Клиенты: каждый в отдельном потоке
2025-12-12 14:57:17,530 - INFO - ============================================================
2025-12-12 14:57:17,530 - INFO - Основной поток: ID 16248
2025-12-12 14:57:17,530 - INFO - Активные потоки: 5

2025-12-12 14:57:17,530 - INFO - Запуск автоматической демонстрации...
2025-12-12 14:57:17,530 - INFO - Клиенты будут выполнять команды автоматически

2025-12-12 14:57:17,700 - INFO - Сервер Клиент3: получен запрос на поворот матрицы
2025-12-12 14:57:17,700 - INFO - Сервер Клиент3: входная матрица:
2025-12-12 14:57:17,700 - INFO - [2, 6]
2025-12-12 14:57:17,700 - INFO - [4, 6]
2025-12-12 14:57:17,701 - INFO - [1, 6]
2025-12-12 14:57:17,701 - INFO - [3, 7]
2025-12-12 14:57:18,784 - INFO - Сервер Клиент3: выполнен поворот матрицы (время=1.08s)
2025-12-12 14:57:18,784 - INFO - Сервер Клиент1: получен запрос на поворот матрицы
2025-12-12 14:57:18,784 - INFO - Сервер Клиент1: входная матрица:
2025-12-12 14:57:18,784 - INFO - [9, 1]
2025-12-12 14:57:18,784 - INFO - [7, 7]
2025-12-12 14:57:20,694 - INFO - Сервер Клиент1: выполнен поворот матрицы (время=1.91s)
2025-12-12 14:57:20,694 - INFO - Сервер Клиент2: получен запрос на поворот матрицы
2025-12-12 14:57:20,694 - INFO - Сервер Клиент2: входная матрица:
2025-12-12 14:57:20,695 - INFO - [6, 3, 3]
2025-12-12 14:57:20,695 - INFO - [2, 5, 1]
2025-12-12 14:57:20,695 - INFO - [1, 9, 7]
2025-12-12 14:57:22,358 - INFO - Сервер Клиент2: выполнен поворот матрицы (время=1.66s)
2025-12-12 14:57:22,358 - INFO - Сервер Клиент3: получен запрос на операция над большими числами
2025-12-12 14:57:22,359 - INFO - Сервер Клиент3: входные большие числа (массивы цифр): A=[5, 8, 9, 5, 9] B=[1, 3, 2, 0, 2]
2025-12-12 14:57:23,379 - INFO - Сервер Клиент3: выполнен операция над большими числами (время=1.02s)
2025-12-12 14:57:23,380 - INFO - Сервер Клиент1: получен запрос на операция над большими числами
2025-12-12 14:57:23,380 - INFO - Сервер Клиент1: входные большие числа (массивы цифр): A=[9, 9, 7, 4, 1, 4] B=[2, 9, 4, 2]
2025-12-12 14:57:24,476 - INFO - Сервер Клиент1: выполнен операция над большими числами (время=1.09s)
2025-12-12 14:57:24,476 - INFO - Сервер Клиент2: получен запрос на поиск общих чисел
2025-12-12 14:57:24,477 - INFO - Сервер Клиент2: входные массивы для поиска общих чисел: A=[52, 49, 14, 0, 14, 60, 34, 52] B=[16, 0, 24, 42, 68, 34, 73]
2025-12-12 14:57:25,194 - INFO - Сервер Клиент2: выполнен поиск общих чисел (время=0.72s)
2025-12-12 14:57:25,195 - INFO - Сервер Клиент3: получен запрос на поиск общих чисел
2025-12-12 14:57:25,195 - INFO - Сервер Клиент3: входные массивы для поиска общих чисел: A=[22, 2, 22, 68, 73, 45] B=[3, 10, 6, 27, 54, 22]
2025-12-12 14:57:26,232 - INFO - 
Сервер обработал 6 запросов
2025-12-12 14:57:27,269 - INFO - Сервер Клиент3: выполнен поиск общих чисел (время=2.07s)
2025-12-12 14:59:12,842 - INFO - Сервер: инициализирован и готов к обработке запросов
2025-12-12 14:59:12,842 - INFO - ============================================================
2025-12-12 14:59:12,843 - INFO - ДЕМОНСТРАЦИЯ МНОГОПОТОЧНОСТИ В PYTHON
2025-12-12 14:59:12,843 - INFO - ============================================================
2025-12-12 14:59:12,843 - INFO - Сервер: один поток
2025-12-12 14:59:12,843 - INFO - Клиенты: каждый в отдельном потоке
2025-12-12 14:59:12,843 - INFO - ============================================================
2025-12-12 14:59:12,843 - INFO - Основной поток: ID 3980
2025-12-12 14:59:12,843 - INFO - Активные потоки: 5

2025-12-12 14:59:12,843 - INFO - Запуск автоматической демонстрации...
2025-12-12 14:59:12,843 - INFO - Клиенты будут выполнять команды автоматически

2025-12-12 14:59:12,928 - INFO - Сервер Клиент2: получен запрос на поворот матрицы
2025-12-12 14:59:13,630 - INFO - Сервер Клиент2: выполнен поворот матрицы (время=0.70s)
2025-12-12 14:59:13,630 - INFO - Сервер Клиент1: получен запрос на поворот матрицы
2025-12-12 14:59:15,263 - INFO - Сервер Клиент1: выполнен поворот матрицы (время=1.63s)
2025-12-12 14:59:15,263 - INFO - Сервер Клиент3: получен запрос на поворот матрицы
2025-12-12 14:59:16,693 - INFO - Сервер Клиент3: выполнен поворот матрицы (время=1.43s)
2025-12-12 14:59:16,693 - INFO - Сервер Клиент1: получен запрос на операция над большими числами
2025-12-12 14:59:17,313 - INFO - Сервер Клиент1: выполнен операция над большими числами (время=0.62s)
2025-12-12 14:59:17,313 - INFO - Сервер Клиент2: получен запрос на поиск общих чисел
2025-12-12 14:59:18,477 - INFO - Сервер Клиент2: выполнен поиск общих чисел (время=1.16s)
2025-12-12 14:59:18,478 - INFO - Сервер Клиент3: получен запрос на операция над большими числами
2025-12-12 14:59:19,950 - INFO - Сервер Клиент3: выполнен операция над большими числами (время=1.47s)
2025-12-12 14:59:19,950 - INFO - Сервер Клиент3: получен запрос на поиск общих чисел
2025-12-12 14:59:20,779 - INFO - Сервер Клиент3: выполнен поиск общих чисел (время=0.83s)
2025-12-12 14:59:21,073 - INFO - 
Сервер обработал 7 запросов
2025-12-12 15:02:06,056 - INFO - Сервер: инициализирован и готов к обработке запросов
2025-12-12 15:02:06,057 - INFO - ============================================================
2025-12-12 15:02:06,057 - INFO - ДЕМОНСТРАЦИЯ МНОГОПОТОЧНОСТИ В PYTHON
2025-12-12 15:02:06,057 - INFO - ============================================================
2025-12-12 15:02:06,057 - INFO - Сервер: один поток
2025-12-12 15:02:06,057 - INFO - Клиенты: каждый в отдельном потоке
2025-12-12 15:02:06,057 - INFO - ============================================================
2025-12-12 15:02:06,057 - INFO - Основной поток: ID 832
2025-12-12 15:02:06,057 - INFO - Активные потоки: 3

2025-12-12 15:02:06,057 - INFO - Запуск автоматической демонстрации...
2025-12-12 15:02:06,057 - INFO - Клиенты будут выполнять команды автоматически

2025-12-12 15:02:06,177 - INFO - Сервер Клиент1: получен запрос на поворот матрицы
2025-12-12 15:02:07,882 - INFO - Сервер Клиент1: Направление: ccw
2025-12-12 15:02:07,882 - INFO - Сервер Клиент1: выполнен поворот матрицы (время=1.70s)
2025-12-12 15:02:07,883 - INFO - Сервер Клиент2: получен запрос на поворот матрицы
2025-12-12 15:02:09,615 - INFO - Сервер Клиент2: Направление: cw
2025-12-12 15:02:09,615 - INFO - Сервер Клиент2: выполнен поворот матрицы (время=1.73s)
2025-12-12 15:02:09,616 - INFO - Сервер Клиент3: получен запрос на поворот матрицы
2025-12-12 15:02:11,727 - INFO - Сервер Клиент3: Направление: cw
2025-12-12 15:02:11,727 - INFO - Сервер Клиент3: выполнен поворот матрицы (время=2.11s)
2025-12-12 15:02:11,728 - INFO - Сервер Клиент1: получен запрос на операция над большими числами
2025-12-12 15:02:12,603 - INFO - Сервер Клиент1: выполнен операция над большими числами (время=0.87s)
2025-12-12 15:02:12,603 - INFO - Сервер Клиент2: получен запрос на поиск общих чисел
2025-12-12 15:02:13,377 - INFO - Сервер Клиент2: выполнен поиск общих чисел (время=0.77s)
2025-12-12 15:02:13,377 - INFO - Сервер Клиент3: получен запрос на операция над большими числами
2025-12-12 15:02:14,664 - INFO - Сервер Клиент3: выполнен операция над большими числами (время=1.29s)
2025-12-12 15:02:14,664 - INFO - Сервер Клиент3: получен запрос на поиск общих чисел
2025-12-12 15:02:15,762 - INFO - 
Сервер обработал 6 запросов
2025-12-12 15:02:16,614 - INFO - Сервер Клиент3: выполнен поиск общих чисел (время=1.95s)
